<?xml version="1.0" encoding="UTF-8" ?>
<testsuite tests="1" failures="0" name="com.hxjc.mvc.MvcTest" time="0.304" errors="1" skipped="0">
  <properties>
[...]
</properties>
  <testcase classname="com.hxjc.mvc.MvcTest" name="testPage" time="0.304">
    <error message="Request processing failed; nested exception is org.springframework.jdbc.BadSqlGrammarException: 
### Error querying database.  Cause: com.mysql.jdbc.exceptions.jdbc4.MySQLSyntaxErrorException: Table &apos;test.tbl_emp&apos; doesn&apos;t exist
### The error may exist in file [E:\workspace\bdss-crud\target\classes\mappings\ss\EmployeeDao.xml]
### The error may involve com.hxjc.bdss.ss.dao.EmployeeDao.selectByExampleWithDept-Inline
### The error occurred while setting parameters
### SQL: SELECT count(0) FROM tbl_emp e LEFT JOIN tbl_dept d ON e.d_id = d.dept_id
### Cause: com.mysql.jdbc.exceptions.jdbc4.MySQLSyntaxErrorException: Table &apos;test.tbl_emp&apos; doesn&apos;t exist
; bad SQL grammar []; nested exception is com.mysql.jdbc.exceptions.jdbc4.MySQLSyntaxErrorException: Table &apos;test.tbl_emp&apos; doesn&apos;t exist" type="org.springframework.web.util.NestedServletException">org.springframework.web.util.NestedServletException: Request processing failed; nested exception is org.springframework.jdbc.BadSqlGrammarException: 
### Error querying database.  Cause: com.mysql.jdbc.exceptions.jdbc4.MySQLSyntaxErrorException: Table &apos;test.tbl_emp&apos; doesn&apos;t exist
### The error may exist in file [E:\workspace\bdss-crud\target\classes\mappings\ss\EmployeeDao.xml]
### The error may involve com.hxjc.bdss.ss.dao.EmployeeDao.selectByExampleWithDept-Inline
### The error occurred while setting parameters
### SQL: SELECT count(0) FROM tbl_emp e LEFT JOIN tbl_dept d ON e.d_id = d.dept_id
### Cause: com.mysql.jdbc.exceptions.jdbc4.MySQLSyntaxErrorException: Table &apos;test.tbl_emp&apos; doesn&apos;t exist
; bad SQL grammar []; nested exception is com.mysql.jdbc.exceptions.jdbc4.MySQLSyntaxErrorException: Table &apos;test.tbl_emp&apos; doesn&apos;t exist
	at org.springframework.web.servlet.FrameworkServlet.processRequest(FrameworkServlet.java:980)
	at org.springframework.web.servlet.FrameworkServlet.doGet(FrameworkServlet.java:859)
	at javax.servlet.http.HttpServlet.service(HttpServlet.java:668)
	at org.springframework.web.servlet.FrameworkServlet.service(FrameworkServlet.java:844)
	at org.springframework.test.web.servlet.TestDispatcherServlet.service(TestDispatcherServlet.java:65)
	at javax.servlet.http.HttpServlet.service(HttpServlet.java:770)
	at org.springframework.mock.web.MockFilterChain$ServletFilterProxy.doFilter(MockFilterChain.java:167)
	at org.springframework.mock.web.MockFilterChain.doFilter(MockFilterChain.java:134)
	at org.springframework.test.web.servlet.MockMvc.perform(MockMvc.java:155)
	at com.hxjc.mvc.MvcTest.testPage(MvcTest.java:46)
	at sun.reflect.NativeMethodAccessorImpl.invoke0(Native Method)
	at sun.reflect.NativeMethodAccessorImpl.invoke(NativeMethodAccessorImpl.java:62)
	at sun.reflect.DelegatingMethodAccessorImpl.invoke(DelegatingMethodAccessorImpl.java:43)
	at java.lang.reflect.Method.invoke(Method.java:498)
	at org.junit.runners.model.FrameworkMethod$1.runReflectiveCall(FrameworkMethod.java:50)
	at org.junit.internal.runners.model.ReflectiveCallable.run(ReflectiveCallable.java:12)
	at org.junit.runners.model.FrameworkMethod.invokeExplosively(FrameworkMethod.java:47)
	at org.junit.internal.runners.statements.InvokeMethod.evaluate(InvokeMethod.java:17)
	at org.junit.internal.runners.statements.RunBefores.evaluate(RunBefores.java:26)
	at org.springframework.test.context.junit4.statements.RunBeforeTestMethodCallbacks.evaluate(RunBeforeTestMethodCallbacks.java:75)
	at org.springframework.test.context.junit4.statements.RunAfterTestMethodCallbacks.evaluate(RunAfterTestMethodCallbacks.java:86)
	at org.springframework.test.context.junit4.statements.SpringRepeat.evaluate(SpringRepeat.java:84)
	at org.junit.runners.ParentRunner.runLeaf(ParentRunner.java:325)
	at org.springframework.test.context.junit4.SpringJUnit4ClassRunner.runChild(SpringJUnit4ClassRunner.java:254)
	at org.springframework.test.context.junit4.SpringJUnit4ClassRunner.runChild(SpringJUnit4ClassRunner.java:89)
	at org.junit.runners.ParentRunner$3.run(ParentRunner.java:290)
	at org.junit.runners.ParentRunner$1.schedule(ParentRunner.java:71)
	at org.junit.runners.ParentRunner.runChildren(ParentRunner.java:288)
	at org.junit.runners.ParentRunner.access$000(ParentRunner.java:58)
	at org.junit.runners.ParentRunner$2.evaluate(ParentRunner.java:268)
	at org.springframework.test.context.junit4.statements.RunBeforeTestClassCallbacks.evaluate(RunBeforeTestClassCallbacks.java:61)
	at org.springframework.test.context.junit4.statements.RunAfterTestClassCallbacks.evaluate(RunAfterTestClassCallbacks.java:70)
	at org.junit.runners.ParentRunner.run(ParentRunner.java:363)
	at org.springframework.test.context.junit4.SpringJUnit4ClassRunner.run(SpringJUnit4ClassRunner.java:193)
	at org.apache.maven.surefire.junit4.JUnit4Provider.execute(JUnit4Provider.java:252)
	at org.apache.maven.surefire.junit4.JUnit4Provider.executeTestSet(JUnit4Provider.java:141)
	at org.apache.maven.surefire.junit4.JUnit4Provider.invoke(JUnit4Provider.java:112)
	at sun.reflect.NativeMethodAccessorImpl.invoke0(Native Method)
	at sun.reflect.NativeMethodAccessorImpl.invoke(NativeMethodAccessorImpl.java:62)
	at sun.reflect.DelegatingMethodAccessorImpl.invoke(DelegatingMethodAccessorImpl.java:43)
	at java.lang.reflect.Method.invoke(Method.java:498)
	at org.apache.maven.surefire.util.ReflectionUtils.invokeMethodWithArray(ReflectionUtils.java:189)
	at org.apache.maven.surefire.booter.ProviderFactory$ProviderProxy.invoke(ProviderFactory.java:165)
	at org.apache.maven.surefire.booter.ProviderFactory.invokeProvider(ProviderFactory.java:85)
	at org.apache.maven.surefire.booter.ForkedBooter.runSuitesInProcess(ForkedBooter.java:115)
	at org.apache.maven.surefire.booter.ForkedBooter.main(ForkedBooter.java:75)
Caused by: org.springframework.jdbc.BadSqlGrammarException: 
### Error querying database.  Cause: com.mysql.jdbc.exceptions.jdbc4.MySQLSyntaxErrorException: Table &apos;test.tbl_emp&apos; doesn&apos;t exist
### The error may exist in file [E:\workspace\bdss-crud\target\classes\mappings\ss\EmployeeDao.xml]
### The error may involve com.hxjc.bdss.ss.dao.EmployeeDao.selectByExampleWithDept-Inline
### The error occurred while setting parameters
### SQL: SELECT count(0) FROM tbl_emp e LEFT JOIN tbl_dept d ON e.d_id = d.dept_id
### Cause: com.mysql.jdbc.exceptions.jdbc4.MySQLSyntaxErrorException: Table &apos;test.tbl_emp&apos; doesn&apos;t exist
; bad SQL grammar []; nested exception is com.mysql.jdbc.exceptions.jdbc4.MySQLSyntaxErrorException: Table &apos;test.tbl_emp&apos; doesn&apos;t exist
	at org.springframework.jdbc.support.SQLErrorCodeSQLExceptionTranslator.doTranslate(SQLErrorCodeSQLExceptionTranslator.java:231)
	at org.springframework.jdbc.support.AbstractFallbackSQLExceptionTranslator.translate(AbstractFallbackSQLExceptionTranslator.java:73)
	at org.mybatis.spring.MyBatisExceptionTranslator.translateExceptionIfPossible(MyBatisExceptionTranslator.java:73)
	at org.mybatis.spring.SqlSessionTemplate$SqlSessionInterceptor.invoke(SqlSessionTemplate.java:446)
	at com.sun.proxy.$Proxy18.selectList(Unknown Source)
	at org.mybatis.spring.SqlSessionTemplate.selectList(SqlSessionTemplate.java:230)
	at org.apache.ibatis.binding.MapperMethod.executeForMany(MapperMethod.java:137)
	at org.apache.ibatis.binding.MapperMethod.execute(MapperMethod.java:75)
	at org.apache.ibatis.binding.MapperProxy.invoke(MapperProxy.java:59)
	at com.sun.proxy.$Proxy23.selectByExampleWithDept(Unknown Source)
	at com.hxjc.bdss.ss.service.impl.EmployeeServiceImpl.getAll(EmployeeServiceImpl.java:23)
	at sun.reflect.NativeMethodAccessorImpl.invoke0(Native Method)
	at sun.reflect.NativeMethodAccessorImpl.invoke(NativeMethodAccessorImpl.java:62)
	at sun.reflect.DelegatingMethodAccessorImpl.invoke(DelegatingMethodAccessorImpl.java:43)
	at java.lang.reflect.Method.invoke(Method.java:498)
	at org.springframework.aop.support.AopUtils.invokeJoinpointUsingReflection(AopUtils.java:302)
	at org.springframework.aop.framework.ReflectiveMethodInvocation.invokeJoinpoint(ReflectiveMethodInvocation.java:190)
	at org.springframework.aop.framework.ReflectiveMethodInvocation.proceed(ReflectiveMethodInvocation.java:157)
	at org.springframework.transaction.interceptor.TransactionInterceptor$1.proceedWithInvocation(TransactionInterceptor.java:99)
	at org.springframework.transaction.interceptor.TransactionAspectSupport.invokeWithinTransaction(TransactionAspectSupport.java:281)
	at org.springframework.transaction.interceptor.TransactionInterceptor.invoke(TransactionInterceptor.java:96)
	at org.springframework.aop.framework.ReflectiveMethodInvocation.proceed(ReflectiveMethodInvocation.java:179)
	at org.springframework.aop.interceptor.ExposeInvocationInterceptor.invoke(ExposeInvocationInterceptor.java:92)
	at org.springframework.aop.framework.ReflectiveMethodInvocation.proceed(ReflectiveMethodInvocation.java:179)
	at org.springframework.aop.framework.JdkDynamicAopProxy.invoke(JdkDynamicAopProxy.java:208)
	at com.sun.proxy.$Proxy24.getAll(Unknown Source)
	at com.hxjc.bdss.ss.controller.EmployeeController.getEmpsWithJson(EmployeeController.java:177)
	at sun.reflect.NativeMethodAccessorImpl.invoke0(Native Method)
	at sun.reflect.NativeMethodAccessorImpl.invoke(NativeMethodAccessorImpl.java:62)
	at sun.reflect.DelegatingMethodAccessorImpl.invoke(DelegatingMethodAccessorImpl.java:43)
	at java.lang.reflect.Method.invoke(Method.java:498)
	at org.springframework.web.method.support.InvocableHandlerMethod.doInvoke(InvocableHandlerMethod.java:221)
	at org.springframework.web.method.support.InvocableHandlerMethod.invokeForRequest(InvocableHandlerMethod.java:136)
	at org.springframework.web.servlet.mvc.method.annotation.ServletInvocableHandlerMethod.invokeAndHandle(ServletInvocableHandlerMethod.java:110)
	at org.springframework.web.servlet.mvc.method.annotation.RequestMappingHandlerAdapter.invokeHandlerMethod(RequestMappingHandlerAdapter.java:817)
	at org.springframework.web.servlet.mvc.method.annotation.RequestMappingHandlerAdapter.handleInternal(RequestMappingHandlerAdapter.java:731)
	at org.springframework.web.servlet.mvc.method.AbstractHandlerMethodAdapter.handle(AbstractHandlerMethodAdapter.java:85)
	at org.springframework.web.servlet.DispatcherServlet.doDispatch(DispatcherServlet.java:959)
	at org.springframework.web.servlet.DispatcherServlet.doService(DispatcherServlet.java:893)
	at org.springframework.web.servlet.FrameworkServlet.processRequest(FrameworkServlet.java:968)
	... 45 more
Caused by: com.mysql.jdbc.exceptions.jdbc4.MySQLSyntaxErrorException: Table &apos;test.tbl_emp&apos; doesn&apos;t exist
	at sun.reflect.NativeConstructorAccessorImpl.newInstance0(Native Method)
	at sun.reflect.NativeConstructorAccessorImpl.newInstance(NativeConstructorAccessorImpl.java:62)
	at sun.reflect.DelegatingConstructorAccessorImpl.newInstance(DelegatingConstructorAccessorImpl.java:45)
	at java.lang.reflect.Constructor.newInstance(Constructor.java:423)
	at com.mysql.jdbc.Util.handleNewInstance(Util.java:425)
	at com.mysql.jdbc.Util.getInstance(Util.java:408)
	at com.mysql.jdbc.SQLError.createSQLException(SQLError.java:943)
	at com.mysql.jdbc.MysqlIO.checkErrorPacket(MysqlIO.java:3973)
	at com.mysql.jdbc.MysqlIO.checkErrorPacket(MysqlIO.java:3909)
	at com.mysql.jdbc.MysqlIO.sendCommand(MysqlIO.java:2527)
	at com.mysql.jdbc.MysqlIO.sqlQueryDirect(MysqlIO.java:2680)
	at com.mysql.jdbc.ConnectionImpl.execSQL(ConnectionImpl.java:2501)
	at com.mysql.jdbc.PreparedStatement.executeInternal(PreparedStatement.java:1858)
	at com.mysql.jdbc.PreparedStatement.execute(PreparedStatement.java:1197)
	at com.mchange.v2.c3p0.impl.NewProxyPreparedStatement.execute(NewProxyPreparedStatement.java:911)
	at org.apache.ibatis.executor.statement.PreparedStatementHandler.query(PreparedStatementHandler.java:63)
	at org.apache.ibatis.executor.statement.RoutingStatementHandler.query(RoutingStatementHandler.java:79)
	at org.apache.ibatis.executor.BatchExecutor.doQuery(BatchExecutor.java:93)
	at org.apache.ibatis.executor.BaseExecutor.queryFromDatabase(BaseExecutor.java:324)
	at org.apache.ibatis.executor.BaseExecutor.query(BaseExecutor.java:156)
	at org.apache.ibatis.executor.CachingExecutor.query(CachingExecutor.java:109)
	at com.github.pagehelper.PageInterceptor.intercept(PageInterceptor.java:111)
	at org.apache.ibatis.plugin.Plugin.invoke(Plugin.java:61)
	at com.sun.proxy.$Proxy27.query(Unknown Source)
	at org.apache.ibatis.session.defaults.DefaultSqlSession.selectList(DefaultSqlSession.java:148)
	at org.apache.ibatis.session.defaults.DefaultSqlSession.selectList(DefaultSqlSession.java:141)
	at sun.reflect.NativeMethodAccessorImpl.invoke0(Native Method)
	at sun.reflect.NativeMethodAccessorImpl.invoke(NativeMethodAccessorImpl.java:62)
	at sun.reflect.DelegatingMethodAccessorImpl.invoke(DelegatingMethodAccessorImpl.java:43)
	at java.lang.reflect.Method.invoke(Method.java:498)
	at org.mybatis.spring.SqlSessionTemplate$SqlSessionInterceptor.invoke(SqlSessionTemplate.java:433)
	... 81 more
</error>
    <system-err>六月 12, 2018 6:24:00 下午 org.springframework.test.context.web.WebTestContextBootstrapper getDefaultTestExecutionListenerClassNames
信息: Loaded default TestExecutionListener class names from location [META-INF/spring.factories]: [org.springframework.test.context.web.ServletTestExecutionListener, org.springframework.test.context.support.DirtiesContextBeforeModesTestExecutionListener, org.springframework.test.context.support.DependencyInjectionTestExecutionListener, org.springframework.test.context.support.DirtiesContextTestExecutionListener, org.springframework.test.context.transaction.TransactionalTestExecutionListener, org.springframework.test.context.jdbc.SqlScriptsTestExecutionListener]
六月 12, 2018 6:24:00 下午 org.springframework.test.context.web.WebTestContextBootstrapper getTestExecutionListeners
信息: Using TestExecutionListeners: [org.springframework.test.context.web.ServletTestExecutionListener@e19bb76, org.springframework.test.context.support.DirtiesContextBeforeModesTestExecutionListener@512535ff, org.springframework.test.context.support.DependencyInjectionTestExecutionListener@71529963, org.springframework.test.context.support.DirtiesContextTestExecutionListener@61a88b8c, org.springframework.test.context.transaction.TransactionalTestExecutionListener@22295ec4, org.springframework.test.context.jdbc.SqlScriptsTestExecutionListener@5adb0db3]
六月 12, 2018 6:24:00 下午 org.springframework.beans.factory.xml.XmlBeanDefinitionReader loadBeanDefinitions
信息: Loading XML bean definitions from class path resource [spring-context.xml]
六月 12, 2018 6:24:00 下午 org.springframework.beans.factory.xml.XmlBeanDefinitionReader loadBeanDefinitions
信息: Loading XML bean definitions from class path resource [spring-mvc.xml]
六月 12, 2018 6:24:01 下午 org.springframework.web.context.support.GenericWebApplicationContext prepareRefresh
信息: Refreshing org.springframework.web.context.support.GenericWebApplicationContext@2250b9f2: startup date [Tue Jun 12 18:24:01 CST 2018]; root of context hierarchy
六月 12, 2018 6:24:01 下午 org.springframework.context.support.PropertySourcesPlaceholderConfigurer loadProperties
信息: Loading properties file from class path resource [jdbc.properties]
六月 12, 2018 6:24:01 下午 org.springframework.web.servlet.handler.SimpleUrlHandlerMapping registerHandler
信息: Mapped URL path [/**] onto handler &apos;org.springframework.web.servlet.resource.DefaultServletHttpRequestHandler#0&apos;
六月 12, 2018 6:24:01 下午 org.springframework.web.servlet.mvc.method.annotation.RequestMappingHandlerMapping register
信息: Mapped &quot;{[/depts]}&quot; onto public com.hxjc.bdss.common.util.Msg com.hxjc.bdss.ss.controller.DepartmentController.getDepts()
六月 12, 2018 6:24:01 下午 org.springframework.web.servlet.mvc.method.annotation.RequestMappingHandlerMapping register
信息: Mapped &quot;{[/emp/{id}],methods=[GET]}&quot; onto public com.hxjc.bdss.common.util.Msg com.hxjc.bdss.ss.controller.EmployeeController.getEmp(java.lang.Integer)
六月 12, 2018 6:24:01 下午 org.springframework.web.servlet.mvc.method.annotation.RequestMappingHandlerMapping register
信息: Mapped &quot;{[/emp/{empId}],methods=[PUT]}&quot; onto public com.hxjc.bdss.common.util.Msg com.hxjc.bdss.ss.controller.EmployeeController.updateEmp(com.hxjc.bdss.ss.model.Employee)
六月 12, 2018 6:24:01 下午 org.springframework.web.servlet.mvc.method.annotation.RequestMappingHandlerMapping register
信息: Mapped &quot;{[/emp],methods=[POST]}&quot; onto public com.hxjc.bdss.common.util.Msg com.hxjc.bdss.ss.controller.EmployeeController.saveEmp(com.hxjc.bdss.ss.model.Employee,org.springframework.validation.BindingResult)
六月 12, 2018 6:24:01 下午 org.springframework.web.servlet.mvc.method.annotation.RequestMappingHandlerMapping register
信息: Mapped &quot;{[/emp/{ids}],methods=[DELETE]}&quot; onto public com.hxjc.bdss.common.util.Msg com.hxjc.bdss.ss.controller.EmployeeController.deleteEmpById(java.lang.String)
六月 12, 2018 6:24:01 下午 org.springframework.web.servlet.mvc.method.annotation.RequestMappingHandlerMapping register
信息: Mapped &quot;{[/checkuser]}&quot; onto public com.hxjc.bdss.common.util.Msg com.hxjc.bdss.ss.controller.EmployeeController.checkuser(java.lang.String)
六月 12, 2018 6:24:01 下午 org.springframework.web.servlet.mvc.method.annotation.RequestMappingHandlerMapping register
信息: Mapped &quot;{[/emps]}&quot; onto public com.hxjc.bdss.common.util.Msg com.hxjc.bdss.ss.controller.EmployeeController.getEmpsWithJson(java.lang.Integer)
六月 12, 2018 6:24:01 下午 org.hibernate.validator.internal.util.Version &lt;clinit&gt;
INFO: HV000001: Hibernate Validator 5.2.4.Final
六月 12, 2018 6:24:02 下午 org.springframework.web.servlet.mvc.method.annotation.RequestMappingHandlerAdapter initControllerAdviceCache
信息: Looking for @ControllerAdvice: org.springframework.web.context.support.GenericWebApplicationContext@2250b9f2: startup date [Tue Jun 12 18:24:01 CST 2018]; root of context hierarchy
六月 12, 2018 6:24:02 下午 org.springframework.web.servlet.mvc.method.annotation.RequestMappingHandlerAdapter initControllerAdviceCache
信息: Looking for @ControllerAdvice: org.springframework.web.context.support.GenericWebApplicationContext@2250b9f2: startup date [Tue Jun 12 18:24:01 CST 2018]; root of context hierarchy
六月 12, 2018 6:24:02 下午 org.springframework.mock.web.MockServletContext log
信息: Initializing Spring FrameworkServlet &apos;&apos;
六月 12, 2018 6:24:02 下午 org.springframework.test.web.servlet.TestDispatcherServlet initServletBean
信息: FrameworkServlet &apos;&apos;: initialization started
六月 12, 2018 6:24:02 下午 org.springframework.test.web.servlet.TestDispatcherServlet initServletBean
信息: FrameworkServlet &apos;&apos;: initialization completed in 37 ms
六月 12, 2018 6:24:02 下午 com.mchange.v2.c3p0.PoolBackedDataSource getPoolManager
信息: Initializing c3p0 pool... com.mchange.v2.c3p0.ComboPooledDataSource@5c18016b[ acquireIncrement -&gt; 3, acquireRetryAttempts -&gt; 30, acquireRetryDelay -&gt; 1000, autoCommitOnClose -&gt; false, automaticTestTable -&gt; null, breakAfterAcquireFailure -&gt; false, checkoutTimeout -&gt; 0, connectionTesterClassName -&gt; com.mchange.v2.c3p0.impl.DefaultConnectionTester, description -&gt; null, driverClass -&gt; com.mysql.jdbc.Driver, factoryClassLocation -&gt; null, forceIgnoreUnresolvedTransactions -&gt; false, identityToken -&gt; 5c18016b, idleConnectionTestPeriod -&gt; -1, initialPoolSize -&gt; 3, jdbcUrl -&gt; jdbc:mysql://127.0.0.1:3306/test, loginTimeout -&gt; 0, maxIdleTime -&gt; 0, maxPoolSize -&gt; 15, maxStatements -&gt; 0, maxStatementsPerConnection -&gt; 0, minPoolSize -&gt; 3, numHelperThreads -&gt; 3, preferredTestQuery -&gt; null, properties -&gt; {user=******, password=******}, propertyCycle -&gt; 300, testConnectionOnCheckin -&gt; false, testConnectionOnCheckout -&gt; false, usesTraditionalReflectiveProxies -&gt; false ]
Tue Jun 12 18:24:02 CST 2018 WARN: Establishing SSL connection without server&apos;s identity verification is not recommended. According to MySQL 5.5.45+, 5.6.26+ and 5.7.6+ requirements SSL connection must be established by default if explicit option isn&apos;t set. For compliance with existing applications not using SSL the verifyServerCertificate property is set to &apos;false&apos;. You need either to explicitly disable SSL by setting useSSL=false, or set useSSL=true and provide truststore for server certificate verification.
Tue Jun 12 18:24:02 CST 2018 WARN: Establishing SSL connection without server&apos;s identity verification is not recommended. According to MySQL 5.5.45+, 5.6.26+ and 5.7.6+ requirements SSL connection must be established by default if explicit option isn&apos;t set. For compliance with existing applications not using SSL the verifyServerCertificate property is set to &apos;false&apos;. You need either to explicitly disable SSL by setting useSSL=false, or set useSSL=true and provide truststore for server certificate verification.
Tue Jun 12 18:24:02 CST 2018 WARN: Establishing SSL connection without server&apos;s identity verification is not recommended. According to MySQL 5.5.45+, 5.6.26+ and 5.7.6+ requirements SSL connection must be established by default if explicit option isn&apos;t set. For compliance with existing applications not using SSL the verifyServerCertificate property is set to &apos;false&apos;. You need either to explicitly disable SSL by setting useSSL=false, or set useSSL=true and provide truststore for server certificate verification.
Tue Jun 12 18:24:02 CST 2018 WARN: Establishing SSL connection without server&apos;s identity verification is not recommended. According to MySQL 5.5.45+, 5.6.26+ and 5.7.6+ requirements SSL connection must be established by default if explicit option isn&apos;t set. For compliance with existing applications not using SSL the verifyServerCertificate property is set to &apos;false&apos;. You need either to explicitly disable SSL by setting useSSL=false, or set useSSL=true and provide truststore for server certificate verification.
</system-err>
  </testcase>
</testsuite>